<?xml version="1.0" encoding="UTF-8"?>
<testng-results ignored="0" total="1" passed="1" failed="0" skipped="0">
  <reporter-output>
  </reporter-output>
  <suite started-at="2021-03-10T04:42:56Z" name="Default suite" finished-at="2021-03-10T04:43:25Z" duration-ms="28992">
    <groups>
    </groups>
    <test started-at="2021-03-10T04:42:56Z" name="Default test" finished-at="2021-03-10T04:43:25Z" duration-ms="28992">
      <class name="Appium.Scrolling">
        <test-method signature="loping()[pri:0, instance:Appium.Scrolling@38604b81]" started-at="2021-03-10T04:42:56Z" name="loping" finished-at="2021-03-10T04:43:25Z" duration-ms="28972" status="PASS">
          <reporter-output>
          </reporter-output>
        </test-method> <!-- loping -->
      </class> <!-- Appium.Scrolling -->
    </test> <!-- Default test -->
  </suite> <!-- Default suite -->
</testng-results>
